[debug] [2022-03-26T21:09:47.438Z] ----------------------------------------------------------------------
[debug] [2022-03-26T21:09:47.439Z] Command:       /usr/local/bin/firebase /Users/daniellongo/.cache/firebase/tools/lib/node_modules/firebase-tools/lib/bin/firebase init
[debug] [2022-03-26T21:09:47.439Z] CLI Version:   9.23.0
[debug] [2022-03-26T21:09:47.440Z] Platform:      darwin
[debug] [2022-03-26T21:09:47.440Z] Node Version:  v12.18.1
[debug] [2022-03-26T21:09:47.440Z] Time:          Sat Mar 26 2022 17:09:47 GMT-0400 (Eastern Daylight Time)
[debug] [2022-03-26T21:09:47.440Z] ----------------------------------------------------------------------
[debug] 
[debug] [2022-03-26T21:09:47.447Z] > command requires scopes: ["email","openid","https://www.googleapis.com/auth/cloudplatformprojects.readonly","https://www.googleapis.com/auth/firebase","https://www.googleapis.com/auth/cloud-platform"]
[debug] [2022-03-26T21:09:47.447Z] > authorizing via signed-in user (danieldominiclongo@gmail.com)
[info] 
     ######## #### ########  ######## ########     ###     ######  ########
     ##        ##  ##     ## ##       ##     ##  ##   ##  ##       ##
     ######    ##  ########  ######   ########  #########  ######  ######
     ##        ##  ##    ##  ##       ##     ## ##     ##       ## ##
     ##       #### ##     ## ######## ########  ##     ##  ######  ########

You're about to initialize a Firebase project in this directory:

  /Users/daniellongo/Desktop/personal

[info] 
=== Project Setup
[info] 
[info] First, let's associate this project directory with a Firebase project.
[info] You can create multiple project aliases by running firebase use --add, 
[info] but for now we'll just set up a default project.
[info] 
[debug] [2022-03-26T21:09:54.821Z] > refreshing access token with scopes: []
[debug] [2022-03-26T21:09:54.822Z] >>> HTTP REQUEST POST https://www.googleapis.com/oauth2/v3/token  
 <request body omitted>
[debug] [2022-03-26T21:09:55.028Z] <<< HTTP RESPONSE 200 {"date":"Sat, 26 Mar 2022 21:09:55 GMT","cache-control":"no-cache, no-store, max-age=0, must-revalidate","expires":"Mon, 01 Jan 1990 00:00:00 GMT","pragma":"no-cache","content-type":"application/json; charset=utf-8","vary":"X-Origin, Referer, Origin,Accept-Encoding","server":"scaffolding on HTTPServer2","x-xss-protection":"0","x-frame-options":"SAMEORIGIN","x-content-type-options":"nosniff","alt-svc":"h3=\":443\"; ma=2592000,h3-29=\":443\"; ma=2592000,h3-Q050=\":443\"; ma=2592000,h3-Q046=\":443\"; ma=2592000,h3-Q043=\":443\"; ma=2592000,quic=\":443\"; ma=2592000; v=\"46,43\"","accept-ranges":"none","transfer-encoding":"chunked"}
[debug] [2022-03-26T21:09:55.078Z] >>> [apiv2][query] GET https://firebase.googleapis.com/v1beta1/projects pageSize=100
[debug] [2022-03-26T21:09:55.576Z] <<< [apiv2][status] GET https://firebase.googleapis.com/v1beta1/projects 200
[debug] [2022-03-26T21:09:55.576Z] <<< [apiv2][body] GET https://firebase.googleapis.com/v1beta1/projects [omitted]
[info] i  Using project personal-site-1202d (personal-site) 
[info] 
=== Hosting:github Setup
[info] 
[info] i  Detected a .git folder at /Users/daniellongo/Desktop/personal 
[info] i  Authorizing with GitHub to upload your service account to a GitHub repository's secrets store. 
[info] 
[info] Visit this URL on this device to log in:
[info] https://github.com/login/oauth/authorize?client_id=89cf50f02ac6aaed3484&state=3393307&redirect_uri=http%3A%2F%2Flocalhost%3A9005&scope=read%3Auser%20repo%20public_repo
[info] 
[info] Waiting for authentication...
[debug] [2022-03-26T21:10:27.196Z] >>> HTTP REQUEST POST https://github.com/login/oauth/access_token  
 {"client_id":"89cf50f02ac6aaed3484","client_secret":"3330d14abc895d9a74d5f17cd7a00711fa2c5bf0","code":"13df17c253e7fb6dcc73","redirect_uri":"http://localhost:9005","state":"3393307"}
[debug] [2022-03-26T21:10:27.361Z] <<< HTTP RESPONSE 200 {"server":"GitHub.com","date":"Sat, 26 Mar 2022 21:10:27 GMT","content-type":"application/json; charset=utf-8","transfer-encoding":"chunked","vary":"X-PJAX, X-PJAX-Container, Accept-Encoding, Accept, X-Requested-With","permissions-policy":"interest-cohort=()","etag":"W/\"f93414c458e254f306378a3c733a3d7e\"","cache-control":"max-age=0, private, must-revalidate","strict-transport-security":"max-age=31536000; includeSubdomains; preload","x-frame-options":"deny","x-content-type-options":"nosniff","x-xss-protection":"0","referrer-policy":"origin-when-cross-origin, strict-origin-when-cross-origin","expect-ct":"max-age=2592000, report-uri=\"https://api.github.com/_private/browser/errors\"","content-security-policy":"default-src 'none'; base-uri 'self'; block-all-mixed-content; child-src github.com/assets-cdn/worker/ gist.github.com/assets-cdn/worker/; connect-src 'self' uploads.github.com objects-origin.githubusercontent.com www.githubstatus.com collector.githubapp.com collector.github.com api.github.com github-cloud.s3.amazonaws.com github-production-repository-file-5c1aeb.s3.amazonaws.com github-production-upload-manifest-file-7fdce7.s3.amazonaws.com github-production-user-asset-6210df.s3.amazonaws.com cdn.optimizely.com logx.optimizely.com/v1/events translator.github.com wss://alive.github.com; font-src github.githubassets.com; form-action 'self' github.com gist.github.com objects-origin.githubusercontent.com; frame-ancestors 'none'; frame-src render.githubusercontent.com viewscreen.githubusercontent.com notebooks.githubusercontent.com; img-src 'self' data: github.githubassets.com identicons.github.com collector.githubapp.com collector.github.com github-cloud.s3.amazonaws.com secured-user-images.githubusercontent.com/ *.githubusercontent.com; manifest-src 'self'; media-src github.com user-images.githubusercontent.com/; script-src github.githubassets.com; style-src 'unsafe-inline' github.githubassets.com; worker-src github.com/assets-cdn/worker/ gist.github.com/assets-cdn/worker/","x-github-request-id":"85E7:5DEC:9E183D:154A257:623F8143"}
[debug] [2022-03-26T21:10:27.373Z] >>> [apiv2][query] GET https://api.github.com/user [none]
[debug] [2022-03-26T21:10:27.601Z] <<< [apiv2][status] GET https://api.github.com/user 200
[debug] [2022-03-26T21:10:27.602Z] <<< [apiv2][body] GET https://api.github.com/user {"login":"DanielLongo","id":16641213,"node_id":"MDQ6VXNlcjE2NjQxMjEz","avatar_url":"https://avatars.githubusercontent.com/u/16641213?v=4","gravatar_id":"","url":"https://api.github.com/users/DanielLongo","html_url":"https://github.com/DanielLongo","followers_url":"https://api.github.com/users/DanielLongo/followers","following_url":"https://api.github.com/users/DanielLongo/following{/other_user}","gists_url":"https://api.github.com/users/DanielLongo/gists{/gist_id}","starred_url":"https://api.github.com/users/DanielLongo/starred{/owner}{/repo}","subscriptions_url":"https://api.github.com/users/DanielLongo/subscriptions","organizations_url":"https://api.github.com/users/DanielLongo/orgs","repos_url":"https://api.github.com/users/DanielLongo/repos","events_url":"https://api.github.com/users/DanielLongo/events{/privacy}","received_events_url":"https://api.github.com/users/DanielLongo/received_events","type":"User","site_admin":false,"name":"Daniel Longo","company":null,"blog":"http://www.danieldlongo.com","location":"Menlo Park, CA","email":"danieldominiclongo@gmail.com","hireable":null,"bio":"Stanford 25","twitter_username":null,"public_repos":64,"public_gists":2,"followers":6,"following":5,"created_at":"2016-01-11T03:19:30Z","updated_at":"2022-03-26T19:03:47Z","private_gists":1,"total_private_repos":11,"owned_private_repos":11,"disk_usage":2351646,"collaborators":5,"two_factor_authentication":false,"plan":{"name":"pro","space":976562499,"collaborators":0,"private_repos":9999}}
[info] 
[info] ✔  Success! Logged into GitHub as DanielLongo 
[info] 
